# JRE version: OpenJDK Runtime Environment Temurin-21.0.6+7 (21.0.6+7) (build 21.0.6+7-LTS)
# Java VM: OpenJDK 64-Bit Server VM Temurin-21.0.6+7 (21.0.6+7-LTS, mixed mode, emulated-client, sharing, tiered, compressed oops, compressed class ptrs, g1 gc, windows-amd64)
GC Precious Log:
 CardTable entry size: 512
 Card Set container configuration: InlinePtr #cards 4 size 8 Array Of Cards #cards 32 size 80 Howl #buckets 8 coarsen threshold 7372 Howl Bitmap #cards 1024 size 144 coarsen threshold 921 Card regions per heap region 1 cards per card region 8192
 CPUs: 8 total, 8 available
 Memory: 32605M
 Large Page Support: Disabled
 NUMA Support: Disabled
 Compressed Oops: Enabled (Zero based)
 Heap Region Size: 4M
 Heap Min Capacity: 8M
 Heap Initial Capacity: 512M
 Heap Max Capacity: 8152M
 Pre-touch: Disabled
 Parallel Workers: 8
 Concurrent Workers: 2
 Concurrent Refinement Workers: 8
 Periodic GC: Disabled
Heap:
 garbage-first heap   total 110592K, used 84398K [0x0000000602800000, 0x0000000800000000)
  region size 4096K, 11 young (45056K), 1 survivors (4096K)
 Metaspace       used 79608K, committed 80320K, reserved 1179648K
  class space    used 10847K, committed 11136K, reserved 1048576K
GC Heap History (20 events):
Event: 7.074 GC heap after
{Heap after GC invocations=20 (full 0):
 garbage-first heap   total 110592K, used 32097K [0x0000000602800000, 0x0000000800000000)
  region size 4096K, 2 young (8192K), 2 survivors (8192K)
 Metaspace       used 69766K, committed 70528K, reserved 1114112K
  class space    used 9545K, committed 9856K, reserved 1048576K
}
Event: 7.456 GC heap before
{Heap before GC invocations=20 (full 0):
 garbage-first heap   total 110592K, used 89441K [0x0000000602800000, 0x0000000800000000)
  region size 4096K, 16 young (65536K), 2 survivors (8192K)
 Metaspace       used 73568K, committed 74368K, reserved 1114112K
  class space    used 10107K, committed 10432K, reserved 1048576K
}
Event: 7.461 GC heap after
{Heap after GC invocations=21 (full 0):
 garbage-first heap   total 110592K, used 34929K [0x0000000602800000, 0x0000000800000000)
  region size 4096K, 2 young (8192K), 2 survivors (8192K)
 Metaspace       used 73568K, committed 74368K, reserved 1114112K
  class space    used 10107K, committed 10432K, reserved 1048576K
}
Event: 143.620 GC heap before
{Heap before GC invocations=21 (full 0):
 garbage-first heap   total 110592K, used 88177K [0x0000000602800000, 0x0000000800000000)
  region size 4096K, 16 young (65536K), 2 survivors (8192K)
 Metaspace       used 78148K, committed 78912K, reserved 1179648K
  class space    used 10724K, committed 11072K, reserved 1048576K
}
Event: 143.673 GC heap after
{Heap after GC invocations=22 (full 1):
 garbage-first heap   total 110592K, used 30505K [0x0000000602800000, 0x0000000800000000)
  region size 4096K, 0 young (0K), 0 survivors (0K)
 Metaspace       used 78148K, committed 78912K, reserved 1179648K
  class space    used 10724K, committed 11072K, reserved 1048576K
}
Event: 145.009 GC heap before
{Heap before GC invocations=22 (full 1):
 garbage-first heap   total 110592K, used 91945K [0x0000000602800000, 0x0000000800000000)
  region size 4096K, 16 young (65536K), 0 survivors (0K)
 Metaspace       used 78294K, committed 79040K, reserved 1179648K
  class space    used 10741K, committed 11072K, reserved 1048576K
}
Event: 145.012 GC heap after
{Heap after GC invocations=23 (full 1):
 garbage-first heap   total 110592K, used 35038K [0x0000000602800000, 0x0000000800000000)
  region size 4096K, 2 young (8192K), 2 survivors (8192K)
 Metaspace       used 78294K, committed 79040K, reserved 1179648K
  class space    used 10741K, committed 11072K, reserved 1048576K
}
Event: 249.830 GC heap before
{Heap before GC invocations=23 (full 1):
 garbage-first heap   total 110592K, used 75998K [0x0000000602800000, 0x0000000800000000)
  region size 4096K, 13 young (53248K), 2 survivors (8192K)
 Metaspace       used 78516K, committed 79232K, reserved 1179648K
  class space    used 10762K, committed 11072K, reserved 1048576K
}
Event: 249.878 GC heap after
{Heap after GC invocations=24 (full 2):
 garbage-first heap   total 110592K, used 29662K [0x0000000602800000, 0x0000000800000000)
  region size 4096K, 0 young (0K), 0 survivors (0K)
 Metaspace       used 78149K, committed 79232K, reserved 1179648K
  class space    used 10667K, committed 11072K, reserved 1048576K
}
Event: 251.787 GC heap before
{Heap before GC invocations=24 (full 2):
 garbage-first heap   total 110592K, used 87006K [0x0000000602800000, 0x0000000800000000)
  region size 4096K, 15 young (61440K), 0 survivors (0K)
 Metaspace       used 78223K, committed 79232K, reserved 1179648K
  class space    used 10677K, committed 11072K, reserved 1048576K
}
Event: 251.789 GC heap after
{Heap after GC invocations=25 (full 2):
 garbage-first heap   total 110592K, used 33613K [0x0000000602800000, 0x0000000800000000)
  region size 4096K, 1 young (4096K), 1 survivors (4096K)
 Metaspace       used 78223K, committed 79232K, reserved 1179648K
  class space    used 10677K, committed 11072K, reserved 1048576K
}
Event: 258.271 GC heap before
{Heap before GC invocations=25 (full 2):
 garbage-first heap   total 110592K, used 86861K [0x0000000602800000, 0x0000000800000000)
  region size 4096K, 15 young (61440K), 1 survivors (4096K)
 Metaspace       used 78700K, committed 79488K, reserved 1179648K
  class space    used 10763K, committed 11136K, reserved 1048576K
}
Event: 258.274 GC heap after
{Heap after GC invocations=26 (full 2):
 garbage-first heap   total 110592K, used 37045K [0x0000000602800000, 0x0000000800000000)
  region size 4096K, 2 young (8192K), 2 survivors (8192K)
 Metaspace       used 78700K, committed 79488K, reserved 1179648K
  class space    used 10763K, committed 11136K, reserved 1048576K
}
Event: 268.671 GC heap before
{Heap before GC invocations=26 (full 2):
 garbage-first heap   total 110592K, used 82101K [0x0000000602800000, 0x0000000800000000)
  region size 4096K, 14 young (57344K), 2 survivors (8192K)
 Metaspace       used 78966K, committed 79744K, reserved 1179648K
  class space    used 10784K, committed 11136K, reserved 1048576K
}
Event: 268.675 GC heap after
{Heap after GC invocations=27 (full 2):
 garbage-first heap   total 110592K, used 37531K [0x0000000602800000, 0x0000000800000000)
  region size 4096K, 2 young (8192K), 2 survivors (8192K)
 Metaspace       used 78966K, committed 79744K, reserved 1179648K
  class space    used 10784K, committed 11136K, reserved 1048576K
}
Event: 284.193 GC heap before
{Heap before GC invocations=27 (full 2):
 garbage-first heap   total 110592K, used 82587K [0x0000000602800000, 0x0000000800000000)
  region size 4096K, 13 young (53248K), 2 survivors (8192K)
 Metaspace       used 79041K, committed 79808K, reserved 1179648K
  class space    used 10794K, committed 11136K, reserved 1048576K
}
Event: 284.198 GC heap after
{Heap after GC invocations=28 (full 2):
 garbage-first heap   total 110592K, used 40967K [0x0000000602800000, 0x0000000800000000)
  region size 4096K, 2 young (8192K), 2 survivors (8192K)
 Metaspace       used 79041K, committed 79808K, reserved 1179648K
  class space    used 10794K, committed 11136K, reserved 1048576K
}
Event: 288.487 GC heap before
{Heap before GC invocations=28 (full 2):
 garbage-first heap   total 110592K, used 81927K [0x0000000602800000, 0x0000000800000000)
  region size 4096K, 12 young (49152K), 2 survivors (8192K)
 Metaspace       used 79290K, committed 80000K, reserved 1179648K
  class space    used 10811K, committed 11136K, reserved 1048576K
}
Event: 288.493 GC heap after
{Heap after GC invocations=29 (full 2):
 garbage-first heap   total 110592K, used 43438K [0x0000000602800000, 0x0000000800000000)
  region size 4096K, 2 young (8192K), 2 survivors (8192K)
 Metaspace       used 79290K, committed 80000K, reserved 1179648K
  class space    used 10811K, committed 11136K, reserved 1048576K
}
Event: 921.359 GC heap before
{Heap before GC invocations=29 (full 2):
 garbage-first heap   total 110592K, used 80302K [0x0000000602800000, 0x0000000800000000)
  region size 4096K, 12 young (49152K), 2 survivors (8192K)
 Metaspace       used 79608K, committed 80320K, reserved 1179648K
  class space    used 10847K, committed 11136K, reserved 1048576K
}

